[2024-09-28T09:46:42.069+0000] {local_task_job_runner.py:120} INFO - ::group::Pre task execution logs
[2024-09-28T09:46:42.104+0000] {taskinstance.py:2076} INFO - Dependencies all met for dep_context=non-requeueable deps ti=<TaskInstance: csv_to_postgres_dag.create_table manual__2024-09-28T09:46:40.676725+00:00 [queued]>
[2024-09-28T09:46:42.115+0000] {taskinstance.py:2076} INFO - Dependencies all met for dep_context=requeueable deps ti=<TaskInstance: csv_to_postgres_dag.create_table manual__2024-09-28T09:46:40.676725+00:00 [queued]>
[2024-09-28T09:46:42.116+0000] {taskinstance.py:2306} INFO - Starting attempt 1 of 1
[2024-09-28T09:46:42.137+0000] {taskinstance.py:2330} INFO - Executing <Task(PostgresOperator): create_table> on 2024-09-28 09:46:40.676725+00:00
[2024-09-28T09:46:42.153+0000] {standard_task_runner.py:63} INFO - Started process 230 to run task
[2024-09-28T09:46:42.160+0000] {standard_task_runner.py:90} INFO - Running: ['***', 'tasks', 'run', 'csv_to_postgres_dag', 'create_table', 'manual__2024-09-28T09:46:40.676725+00:00', '--job-id', '5', '--raw', '--subdir', 'DAGS_FOLDER/job.py', '--cfg-path', '/tmp/tmp9l0l4tdv']
[2024-09-28T09:46:42.166+0000] {standard_task_runner.py:91} INFO - Job 5: Subtask create_table
[2024-09-28T09:46:42.236+0000] {task_command.py:426} INFO - Running <TaskInstance: csv_to_postgres_dag.create_table manual__2024-09-28T09:46:40.676725+00:00 [running]> on host c39a3d3a6c9a
[2024-09-28T09:46:42.329+0000] {taskinstance.py:2648} INFO - Exporting env vars: AIRFLOW_CTX_DAG_OWNER='***' AIRFLOW_CTX_DAG_ID='csv_to_postgres_dag' AIRFLOW_CTX_TASK_ID='create_table' AIRFLOW_CTX_EXECUTION_DATE='2024-09-28T09:46:40.676725+00:00' AIRFLOW_CTX_TRY_NUMBER='1' AIRFLOW_CTX_DAG_RUN_ID='manual__2024-09-28T09:46:40.676725+00:00'
[2024-09-28T09:46:42.331+0000] {taskinstance.py:430} INFO - ::endgroup::
[2024-09-28T09:46:42.344+0000] {sql.py:276} INFO - Executing: 
        DROP TABLE IF EXISTS sample_table;
        CREATE TABLE sample_table (
            id SERIAL PRIMARY KEY,
            name VARCHAR(50),
            age INT
        );
        
[2024-09-28T09:46:42.357+0000] {base.py:84} INFO - Using connection ID 'write_to_psql' for task execution.
[2024-09-28T09:46:42.372+0000] {base.py:84} INFO - Using connection ID 'write_to_psql' for task execution.
[2024-09-28T09:46:42.378+0000] {sql.py:470} INFO - Running statement: 
        DROP TABLE IF EXISTS sample_table;
        CREATE TABLE sample_table (
            id SERIAL PRIMARY KEY,
            name VARCHAR(50),
            age INT
        );
        , parameters: None
[2024-09-28T09:46:42.387+0000] {taskinstance.py:441} INFO - ::group::Post task execution logs
[2024-09-28T09:46:42.398+0000] {taskinstance.py:1206} INFO - Marking task as SUCCESS. dag_id=csv_to_postgres_dag, task_id=create_table, run_id=manual__2024-09-28T09:46:40.676725+00:00, execution_date=20240928T094640, start_date=20240928T094642, end_date=20240928T094642
[2024-09-28T09:46:42.416+0000] {local_task_job_runner.py:240} INFO - Task exited with return code 0
[2024-09-28T09:46:42.432+0000] {logging_mixin.py:188} WARNING - /home/***/.local/lib/python3.9/site-packages/***/models/baseoperator.py:1296 AirflowProviderDeprecationWarning: Call to deprecated class PostgresOperator. (Please use `***.providers.common.sql.operators.sql.SQLExecuteQueryOperator`.Also, you can provide `hook_params={'schema': <database>}`.)
[2024-09-28T09:46:42.447+0000] {taskinstance.py:3498} INFO - 1 downstream tasks scheduled from follow-on schedule check
[2024-09-28T09:46:42.449+0000] {local_task_job_runner.py:222} INFO - ::endgroup::
