[2024-09-28T09:40:54.014+0000] {local_task_job_runner.py:120} INFO - ::group::Pre task execution logs
[2024-09-28T09:40:54.052+0000] {taskinstance.py:2076} INFO - Dependencies all met for dep_context=non-requeueable deps ti=<TaskInstance: csv_to_postgres_dag.create_table manual__2024-09-28T09:40:52.579158+00:00 [queued]>
[2024-09-28T09:40:54.063+0000] {taskinstance.py:2076} INFO - Dependencies all met for dep_context=requeueable deps ti=<TaskInstance: csv_to_postgres_dag.create_table manual__2024-09-28T09:40:52.579158+00:00 [queued]>
[2024-09-28T09:40:54.064+0000] {taskinstance.py:2306} INFO - Starting attempt 1 of 1
[2024-09-28T09:40:54.084+0000] {taskinstance.py:2330} INFO - Executing <Task(PostgresOperator): create_table> on 2024-09-28 09:40:52.579158+00:00
[2024-09-28T09:40:54.091+0000] {standard_task_runner.py:63} INFO - Started process 1383 to run task
[2024-09-28T09:40:54.094+0000] {standard_task_runner.py:90} INFO - Running: ['***', 'tasks', 'run', 'csv_to_postgres_dag', 'create_table', 'manual__2024-09-28T09:40:52.579158+00:00', '--job-id', '12', '--raw', '--subdir', 'DAGS_FOLDER/job.py', '--cfg-path', '/tmp/tmpb4ahu4c8']
[2024-09-28T09:40:54.097+0000] {standard_task_runner.py:91} INFO - Job 12: Subtask create_table
[2024-09-28T09:40:54.157+0000] {task_command.py:426} INFO - Running <TaskInstance: csv_to_postgres_dag.create_table manual__2024-09-28T09:40:52.579158+00:00 [running]> on host 223b18cd90f2
[2024-09-28T09:40:54.260+0000] {taskinstance.py:2648} INFO - Exporting env vars: AIRFLOW_CTX_DAG_OWNER='***' AIRFLOW_CTX_DAG_ID='csv_to_postgres_dag' AIRFLOW_CTX_TASK_ID='create_table' AIRFLOW_CTX_EXECUTION_DATE='2024-09-28T09:40:52.579158+00:00' AIRFLOW_CTX_TRY_NUMBER='1' AIRFLOW_CTX_DAG_RUN_ID='manual__2024-09-28T09:40:52.579158+00:00'
[2024-09-28T09:40:54.262+0000] {taskinstance.py:430} INFO - ::endgroup::
[2024-09-28T09:40:54.280+0000] {sql.py:276} INFO - Executing: 
        DROP TABLE IF EXISTS sample_table;
        CREATE TABLE sample_table (
            id SERIAL PRIMARY KEY,
            name VARCHAR(50),
            age INT
        );
        
[2024-09-28T09:40:54.293+0000] {base.py:84} INFO - Using connection ID 'write_to_psql' for task execution.
[2024-09-28T09:40:54.306+0000] {base.py:84} INFO - Using connection ID 'write_to_psql' for task execution.
[2024-09-28T09:40:54.312+0000] {sql.py:470} INFO - Running statement: 
        DROP TABLE IF EXISTS sample_table;
        CREATE TABLE sample_table (
            id SERIAL PRIMARY KEY,
            name VARCHAR(50),
            age INT
        );
        , parameters: None
[2024-09-28T09:40:54.319+0000] {taskinstance.py:441} INFO - ::group::Post task execution logs
[2024-09-28T09:40:54.329+0000] {taskinstance.py:1206} INFO - Marking task as SUCCESS. dag_id=csv_to_postgres_dag, task_id=create_table, run_id=manual__2024-09-28T09:40:52.579158+00:00, execution_date=20240928T094052, start_date=20240928T094054, end_date=20240928T094054
[2024-09-28T09:40:54.347+0000] {local_task_job_runner.py:240} INFO - Task exited with return code 0
[2024-09-28T09:40:54.364+0000] {logging_mixin.py:188} WARNING - /home/***/.local/lib/python3.9/site-packages/***/models/baseoperator.py:1296 AirflowProviderDeprecationWarning: Call to deprecated class PostgresOperator. (Please use `***.providers.common.sql.operators.sql.SQLExecuteQueryOperator`.Also, you can provide `hook_params={'schema': <database>}`.)
[2024-09-28T09:40:54.382+0000] {taskinstance.py:3498} INFO - 1 downstream tasks scheduled from follow-on schedule check
[2024-09-28T09:40:54.384+0000] {local_task_job_runner.py:222} INFO - ::endgroup::
