[2024-09-28T11:53:29.766+0000] {local_task_job_runner.py:120} INFO - ::group::Pre task execution logs
[2024-09-28T11:53:29.797+0000] {taskinstance.py:2076} INFO - Dependencies all met for dep_context=non-requeueable deps ti=<TaskInstance: csv_to_postgres_dag.create_table manual__2024-09-28T11:53:28.201290+00:00 [queued]>
[2024-09-28T11:53:29.808+0000] {taskinstance.py:2076} INFO - Dependencies all met for dep_context=requeueable deps ti=<TaskInstance: csv_to_postgres_dag.create_table manual__2024-09-28T11:53:28.201290+00:00 [queued]>
[2024-09-28T11:53:29.809+0000] {taskinstance.py:2306} INFO - Starting attempt 1 of 1
[2024-09-28T11:53:29.835+0000] {taskinstance.py:2330} INFO - Executing <Task(PostgresOperator): create_table> on 2024-09-28 11:53:28.201290+00:00
[2024-09-28T11:53:29.843+0000] {standard_task_runner.py:63} INFO - Started process 3340 to run task
[2024-09-28T11:53:29.847+0000] {standard_task_runner.py:90} INFO - Running: ['***', 'tasks', 'run', 'csv_to_postgres_dag', 'create_table', 'manual__2024-09-28T11:53:28.201290+00:00', '--job-id', '14', '--raw', '--subdir', 'DAGS_FOLDER/job.py', '--cfg-path', '/tmp/tmp0_5xyg83']
[2024-09-28T11:53:29.851+0000] {standard_task_runner.py:91} INFO - Job 14: Subtask create_table
[2024-09-28T11:53:29.914+0000] {task_command.py:426} INFO - Running <TaskInstance: csv_to_postgres_dag.create_table manual__2024-09-28T11:53:28.201290+00:00 [running]> on host c39a3d3a6c9a
[2024-09-28T11:53:30.027+0000] {taskinstance.py:2648} INFO - Exporting env vars: AIRFLOW_CTX_DAG_OWNER='***' AIRFLOW_CTX_DAG_ID='csv_to_postgres_dag' AIRFLOW_CTX_TASK_ID='create_table' AIRFLOW_CTX_EXECUTION_DATE='2024-09-28T11:53:28.201290+00:00' AIRFLOW_CTX_TRY_NUMBER='1' AIRFLOW_CTX_DAG_RUN_ID='manual__2024-09-28T11:53:28.201290+00:00'
[2024-09-28T11:53:30.029+0000] {taskinstance.py:430} INFO - ::endgroup::
[2024-09-28T11:53:30.048+0000] {sql.py:276} INFO - Executing: 
        DROP TABLE IF EXISTS sample_table;
        CREATE TABLE sample_table (
            id SERIAL PRIMARY KEY,
            name VARCHAR(50),
            age INT
        );
        
[2024-09-28T11:53:30.064+0000] {base.py:84} INFO - Using connection ID 'write_to_psql' for task execution.
[2024-09-28T11:53:30.077+0000] {base.py:84} INFO - Using connection ID 'write_to_psql' for task execution.
[2024-09-28T11:53:30.084+0000] {sql.py:470} INFO - Running statement: 
        DROP TABLE IF EXISTS sample_table;
        CREATE TABLE sample_table (
            id SERIAL PRIMARY KEY,
            name VARCHAR(50),
            age INT
        );
        , parameters: None
[2024-09-28T11:53:30.092+0000] {taskinstance.py:441} INFO - ::group::Post task execution logs
[2024-09-28T11:53:30.106+0000] {taskinstance.py:1206} INFO - Marking task as SUCCESS. dag_id=csv_to_postgres_dag, task_id=create_table, run_id=manual__2024-09-28T11:53:28.201290+00:00, execution_date=20240928T115328, start_date=20240928T115329, end_date=20240928T115330
[2024-09-28T11:53:30.140+0000] {local_task_job_runner.py:240} INFO - Task exited with return code 0
[2024-09-28T11:53:30.158+0000] {logging_mixin.py:188} WARNING - /home/***/.local/lib/python3.9/site-packages/***/models/baseoperator.py:1296 AirflowProviderDeprecationWarning: Call to deprecated class PostgresOperator. (Please use `***.providers.common.sql.operators.sql.SQLExecuteQueryOperator`.Also, you can provide `hook_params={'schema': <database>}`.)
[2024-09-28T11:53:30.176+0000] {taskinstance.py:3498} INFO - 1 downstream tasks scheduled from follow-on schedule check
[2024-09-28T11:53:30.178+0000] {local_task_job_runner.py:222} INFO - ::endgroup::
