[2024-09-28T09:28:17.180+0000] {local_task_job_runner.py:120} INFO - ::group::Pre task execution logs
[2024-09-28T09:28:17.214+0000] {taskinstance.py:2076} INFO - Dependencies all met for dep_context=non-requeueable deps ti=<TaskInstance: csv_to_postgres_dag.create_table manual__2024-09-28T09:28:16.356368+00:00 [queued]>
[2024-09-28T09:28:17.223+0000] {taskinstance.py:2076} INFO - Dependencies all met for dep_context=requeueable deps ti=<TaskInstance: csv_to_postgres_dag.create_table manual__2024-09-28T09:28:16.356368+00:00 [queued]>
[2024-09-28T09:28:17.223+0000] {taskinstance.py:2306} INFO - Starting attempt 1 of 1
[2024-09-28T09:28:17.239+0000] {taskinstance.py:2330} INFO - Executing <Task(PostgresOperator): create_table> on 2024-09-28 09:28:16.356368+00:00
[2024-09-28T09:28:17.244+0000] {standard_task_runner.py:63} INFO - Started process 893 to run task
[2024-09-28T09:28:17.247+0000] {standard_task_runner.py:90} INFO - Running: ['***', 'tasks', 'run', 'csv_to_postgres_dag', 'create_table', 'manual__2024-09-28T09:28:16.356368+00:00', '--job-id', '5', '--raw', '--subdir', 'DAGS_FOLDER/job.py', '--cfg-path', '/tmp/tmp9uiddsgt']
[2024-09-28T09:28:17.249+0000] {standard_task_runner.py:91} INFO - Job 5: Subtask create_table
[2024-09-28T09:28:17.300+0000] {task_command.py:426} INFO - Running <TaskInstance: csv_to_postgres_dag.create_table manual__2024-09-28T09:28:16.356368+00:00 [running]> on host 223b18cd90f2
[2024-09-28T09:28:17.397+0000] {taskinstance.py:2648} INFO - Exporting env vars: AIRFLOW_CTX_DAG_OWNER='***' AIRFLOW_CTX_DAG_ID='csv_to_postgres_dag' AIRFLOW_CTX_TASK_ID='create_table' AIRFLOW_CTX_EXECUTION_DATE='2024-09-28T09:28:16.356368+00:00' AIRFLOW_CTX_TRY_NUMBER='1' AIRFLOW_CTX_DAG_RUN_ID='manual__2024-09-28T09:28:16.356368+00:00'
[2024-09-28T09:28:17.398+0000] {taskinstance.py:430} INFO - ::endgroup::
[2024-09-28T09:28:17.412+0000] {sql.py:276} INFO - Executing: 
        DROP TABLE IF EXISTS sample_table;
        CREATE TABLE sample_table (
            id SERIAL PRIMARY KEY,
            column1 VARCHAR(50),
            column2 INT,
            column3 DATE
        );
        
[2024-09-28T09:28:17.424+0000] {base.py:84} INFO - Using connection ID 'write_to_psql' for task execution.
[2024-09-28T09:28:17.437+0000] {base.py:84} INFO - Using connection ID 'write_to_psql' for task execution.
[2024-09-28T09:28:17.444+0000] {sql.py:470} INFO - Running statement: 
        DROP TABLE IF EXISTS sample_table;
        CREATE TABLE sample_table (
            id SERIAL PRIMARY KEY,
            column1 VARCHAR(50),
            column2 INT,
            column3 DATE
        );
        , parameters: None
[2024-09-28T09:28:17.450+0000] {taskinstance.py:441} INFO - ::group::Post task execution logs
[2024-09-28T09:28:17.461+0000] {taskinstance.py:1206} INFO - Marking task as SUCCESS. dag_id=csv_to_postgres_dag, task_id=create_table, run_id=manual__2024-09-28T09:28:16.356368+00:00, execution_date=20240928T092816, start_date=20240928T092817, end_date=20240928T092817
[2024-09-28T09:28:17.501+0000] {local_task_job_runner.py:240} INFO - Task exited with return code 0
[2024-09-28T09:28:17.520+0000] {taskinstance.py:3498} INFO - 0 downstream tasks scheduled from follow-on schedule check
[2024-09-28T09:28:17.522+0000] {local_task_job_runner.py:222} INFO - ::endgroup::
