[2024-09-28T09:33:16.103+0000] {local_task_job_runner.py:120} INFO - ::group::Pre task execution logs
[2024-09-28T09:33:16.141+0000] {taskinstance.py:2076} INFO - Dependencies all met for dep_context=non-requeueable deps ti=<TaskInstance: csv_to_postgres_dag.create_table manual__2024-09-28T09:33:14.945998+00:00 [queued]>
[2024-09-28T09:33:16.154+0000] {taskinstance.py:2076} INFO - Dependencies all met for dep_context=requeueable deps ti=<TaskInstance: csv_to_postgres_dag.create_table manual__2024-09-28T09:33:14.945998+00:00 [queued]>
[2024-09-28T09:33:16.154+0000] {taskinstance.py:2306} INFO - Starting attempt 1 of 1
[2024-09-28T09:33:16.176+0000] {taskinstance.py:2330} INFO - Executing <Task(PostgresOperator): create_table> on 2024-09-28 09:33:14.945998+00:00
[2024-09-28T09:33:16.184+0000] {standard_task_runner.py:63} INFO - Started process 1125 to run task
[2024-09-28T09:33:16.195+0000] {standard_task_runner.py:90} INFO - Running: ['***', 'tasks', 'run', 'csv_to_postgres_dag', 'create_table', 'manual__2024-09-28T09:33:14.945998+00:00', '--job-id', '8', '--raw', '--subdir', 'DAGS_FOLDER/job.py', '--cfg-path', '/tmp/tmpnw5z6rxx']
[2024-09-28T09:33:16.199+0000] {standard_task_runner.py:91} INFO - Job 8: Subtask create_table
[2024-09-28T09:33:16.267+0000] {task_command.py:426} INFO - Running <TaskInstance: csv_to_postgres_dag.create_table manual__2024-09-28T09:33:14.945998+00:00 [running]> on host 223b18cd90f2
[2024-09-28T09:33:16.395+0000] {taskinstance.py:2648} INFO - Exporting env vars: AIRFLOW_CTX_DAG_OWNER='***' AIRFLOW_CTX_DAG_ID='csv_to_postgres_dag' AIRFLOW_CTX_TASK_ID='create_table' AIRFLOW_CTX_EXECUTION_DATE='2024-09-28T09:33:14.945998+00:00' AIRFLOW_CTX_TRY_NUMBER='1' AIRFLOW_CTX_DAG_RUN_ID='manual__2024-09-28T09:33:14.945998+00:00'
[2024-09-28T09:33:16.397+0000] {taskinstance.py:430} INFO - ::endgroup::
[2024-09-28T09:33:16.412+0000] {sql.py:276} INFO - Executing: 
        DROP TABLE IF EXISTS sample_table;
        CREATE TABLE sample_table (
            id SERIAL PRIMARY KEY,
            name VARCHAR(50),
            age INT
        );
        
[2024-09-28T09:33:16.426+0000] {base.py:84} INFO - Using connection ID 'write_to_psql' for task execution.
[2024-09-28T09:33:16.441+0000] {base.py:84} INFO - Using connection ID 'write_to_psql' for task execution.
[2024-09-28T09:33:16.449+0000] {sql.py:470} INFO - Running statement: 
        DROP TABLE IF EXISTS sample_table;
        CREATE TABLE sample_table (
            id SERIAL PRIMARY KEY,
            name VARCHAR(50),
            age INT
        );
        , parameters: None
[2024-09-28T09:33:16.456+0000] {taskinstance.py:441} INFO - ::group::Post task execution logs
[2024-09-28T09:33:16.470+0000] {taskinstance.py:1206} INFO - Marking task as SUCCESS. dag_id=csv_to_postgres_dag, task_id=create_table, run_id=manual__2024-09-28T09:33:14.945998+00:00, execution_date=20240928T093314, start_date=20240928T093316, end_date=20240928T093316
[2024-09-28T09:33:16.528+0000] {local_task_job_runner.py:240} INFO - Task exited with return code 0
[2024-09-28T09:33:16.539+0000] {local_task_job_runner.py:222} INFO - ::endgroup::
