[2024-09-28T09:24:54.534+0000] {local_task_job_runner.py:120} INFO - ::group::Pre task execution logs
[2024-09-28T09:24:54.639+0000] {taskinstance.py:2076} INFO - Dependencies all met for dep_context=non-requeueable deps ti=<TaskInstance: csv_to_postgres_dag.create_table scheduled__2024-01-01T00:00:00+00:00 [queued]>
[2024-09-28T09:24:54.647+0000] {taskinstance.py:2076} INFO - Dependencies all met for dep_context=requeueable deps ti=<TaskInstance: csv_to_postgres_dag.create_table scheduled__2024-01-01T00:00:00+00:00 [queued]>
[2024-09-28T09:24:54.648+0000] {taskinstance.py:2306} INFO - Starting attempt 1 of 1
[2024-09-28T09:24:54.663+0000] {taskinstance.py:2330} INFO - Executing <Task(PostgresOperator): create_table> on 2024-01-01 00:00:00+00:00
[2024-09-28T09:24:54.669+0000] {standard_task_runner.py:63} INFO - Started process 795 to run task
[2024-09-28T09:24:54.672+0000] {standard_task_runner.py:90} INFO - Running: ['***', 'tasks', 'run', 'csv_to_postgres_dag', 'create_table', 'scheduled__2024-01-01T00:00:00+00:00', '--job-id', '3', '--raw', '--subdir', 'DAGS_FOLDER/job.py', '--cfg-path', '/tmp/tmpr0s_t0eg']
[2024-09-28T09:24:54.674+0000] {standard_task_runner.py:91} INFO - Job 3: Subtask create_table
[2024-09-28T09:24:54.725+0000] {task_command.py:426} INFO - Running <TaskInstance: csv_to_postgres_dag.create_table scheduled__2024-01-01T00:00:00+00:00 [running]> on host 223b18cd90f2
[2024-09-28T09:24:54.823+0000] {taskinstance.py:2648} INFO - Exporting env vars: AIRFLOW_CTX_DAG_OWNER='***' AIRFLOW_CTX_DAG_ID='csv_to_postgres_dag' AIRFLOW_CTX_TASK_ID='create_table' AIRFLOW_CTX_EXECUTION_DATE='2024-01-01T00:00:00+00:00' AIRFLOW_CTX_TRY_NUMBER='1' AIRFLOW_CTX_DAG_RUN_ID='scheduled__2024-01-01T00:00:00+00:00'
[2024-09-28T09:24:54.826+0000] {taskinstance.py:430} INFO - ::endgroup::
[2024-09-28T09:24:54.861+0000] {sql.py:276} INFO - Executing: 
        CREATE TABLE IF NOT EXISTS sample_table (
            id SERIAL PRIMARY KEY,
            column1 VARCHAR(50),
            column2 INT,
            column3 DATE
        );
        
[2024-09-28T09:24:54.873+0000] {base.py:84} INFO - Using connection ID 'write_to_psql' for task execution.
[2024-09-28T09:24:54.888+0000] {base.py:84} INFO - Using connection ID 'write_to_psql' for task execution.
[2024-09-28T09:24:54.895+0000] {sql.py:470} INFO - Running statement: 
        CREATE TABLE IF NOT EXISTS sample_table (
            id SERIAL PRIMARY KEY,
            column1 VARCHAR(50),
            column2 INT,
            column3 DATE
        );
        , parameters: None
[2024-09-28T09:24:54.904+0000] {taskinstance.py:441} INFO - ::group::Post task execution logs
[2024-09-28T09:24:54.915+0000] {taskinstance.py:1206} INFO - Marking task as SUCCESS. dag_id=csv_to_postgres_dag, task_id=create_table, run_id=scheduled__2024-01-01T00:00:00+00:00, execution_date=20240101T000000, start_date=20240928T092454, end_date=20240928T092454
[2024-09-28T09:24:54.968+0000] {local_task_job_runner.py:240} INFO - Task exited with return code 0
[2024-09-28T09:24:54.986+0000] {taskinstance.py:3498} INFO - 0 downstream tasks scheduled from follow-on schedule check
[2024-09-28T09:24:54.987+0000] {local_task_job_runner.py:222} INFO - ::endgroup::
[2024-09-28T09:45:48.827+0000] {local_task_job_runner.py:120} INFO - ::group::Pre task execution logs
[2024-09-28T09:45:48.869+0000] {taskinstance.py:2076} INFO - Dependencies all met for dep_context=non-requeueable deps ti=<TaskInstance: csv_to_postgres_dag.create_table scheduled__2024-01-01T00:00:00+00:00 [queued]>
[2024-09-28T09:45:48.883+0000] {taskinstance.py:2076} INFO - Dependencies all met for dep_context=requeueable deps ti=<TaskInstance: csv_to_postgres_dag.create_table scheduled__2024-01-01T00:00:00+00:00 [queued]>
[2024-09-28T09:45:48.884+0000] {taskinstance.py:2306} INFO - Starting attempt 1 of 1
[2024-09-28T09:45:48.906+0000] {taskinstance.py:2330} INFO - Executing <Task(PostgresOperator): create_table> on 2024-01-01 00:00:00+00:00
[2024-09-28T09:45:48.916+0000] {standard_task_runner.py:63} INFO - Started process 202 to run task
[2024-09-28T09:45:48.920+0000] {standard_task_runner.py:90} INFO - Running: ['***', 'tasks', 'run', 'csv_to_postgres_dag', 'create_table', 'scheduled__2024-01-01T00:00:00+00:00', '--job-id', '3', '--raw', '--subdir', 'DAGS_FOLDER/job.py', '--cfg-path', '/tmp/tmp_on9ehud']
[2024-09-28T09:45:48.924+0000] {standard_task_runner.py:91} INFO - Job 3: Subtask create_table
[2024-09-28T09:45:48.995+0000] {task_command.py:426} INFO - Running <TaskInstance: csv_to_postgres_dag.create_table scheduled__2024-01-01T00:00:00+00:00 [running]> on host c39a3d3a6c9a
[2024-09-28T09:45:49.109+0000] {taskinstance.py:2648} INFO - Exporting env vars: AIRFLOW_CTX_DAG_OWNER='***' AIRFLOW_CTX_DAG_ID='csv_to_postgres_dag' AIRFLOW_CTX_TASK_ID='create_table' AIRFLOW_CTX_EXECUTION_DATE='2024-01-01T00:00:00+00:00' AIRFLOW_CTX_TRY_NUMBER='1' AIRFLOW_CTX_DAG_RUN_ID='scheduled__2024-01-01T00:00:00+00:00'
[2024-09-28T09:45:49.111+0000] {taskinstance.py:430} INFO - ::endgroup::
[2024-09-28T09:45:49.139+0000] {sql.py:276} INFO - Executing: 
        DROP TABLE IF EXISTS sample_table;
        CREATE TABLE sample_table (
            id SERIAL PRIMARY KEY,
            name VARCHAR(50),
            age INT
        );
        
[2024-09-28T09:45:49.151+0000] {taskinstance.py:441} INFO - ::group::Post task execution logs
[2024-09-28T09:45:49.163+0000] {taskinstance.py:2905} ERROR - Task failed with exception
Traceback (most recent call last):
  File "/home/airflow/.local/lib/python3.9/site-packages/airflow/models/taskinstance.py", line 465, in _execute_task
    result = _execute_callable(context=context, **execute_callable_kwargs)
  File "/home/airflow/.local/lib/python3.9/site-packages/airflow/models/taskinstance.py", line 432, in _execute_callable
    return execute_callable(context=context, **execute_callable_kwargs)
  File "/home/airflow/.local/lib/python3.9/site-packages/airflow/models/baseoperator.py", line 400, in wrapper
    return func(self, *args, **kwargs)
  File "/home/airflow/.local/lib/python3.9/site-packages/airflow/providers/common/sql/operators/sql.py", line 277, in execute
    hook = self.get_db_hook()
  File "/home/airflow/.local/lib/python3.9/site-packages/airflow/providers/common/sql/operators/sql.py", line 188, in get_db_hook
    return self._hook
  File "/usr/local/lib/python3.9/functools.py", line 993, in __get__
    val = self.func(instance)
  File "/home/airflow/.local/lib/python3.9/site-packages/airflow/providers/common/sql/operators/sql.py", line 150, in _hook
    conn = BaseHook.get_connection(conn_id)
  File "/home/airflow/.local/lib/python3.9/site-packages/airflow/hooks/base.py", line 83, in get_connection
    conn = Connection.get_connection_from_secrets(conn_id)
  File "/home/airflow/.local/lib/python3.9/site-packages/airflow/models/connection.py", line 519, in get_connection_from_secrets
    raise AirflowNotFoundException(f"The conn_id `{conn_id}` isn't defined")
airflow.exceptions.AirflowNotFoundException: The conn_id `write_to_psql` isn't defined
[2024-09-28T09:45:49.169+0000] {taskinstance.py:1206} INFO - Marking task as FAILED. dag_id=csv_to_postgres_dag, task_id=create_table, run_id=scheduled__2024-01-01T00:00:00+00:00, execution_date=20240101T000000, start_date=20240928T094548, end_date=20240928T094549
[2024-09-28T09:45:49.179+0000] {standard_task_runner.py:110} ERROR - Failed to execute job 3 for task create_table (The conn_id `write_to_psql` isn't defined; 202)
[2024-09-28T09:45:49.213+0000] {local_task_job_runner.py:240} INFO - Task exited with return code 1
[2024-09-28T09:45:49.228+0000] {logging_mixin.py:188} WARNING - /home/***/.local/lib/python3.9/site-packages/***/models/baseoperator.py:1296 AirflowProviderDeprecationWarning: Call to deprecated class PostgresOperator. (Please use `***.providers.common.sql.operators.sql.SQLExecuteQueryOperator`.Also, you can provide `hook_params={'schema': <database>}`.)
[2024-09-28T09:45:49.241+0000] {taskinstance.py:3498} INFO - 0 downstream tasks scheduled from follow-on schedule check
[2024-09-28T09:45:49.244+0000] {local_task_job_runner.py:222} INFO - ::endgroup::
[2024-09-28T11:53:29.762+0000] {local_task_job_runner.py:120} INFO - ::group::Pre task execution logs
[2024-09-28T11:53:29.822+0000] {taskinstance.py:2076} INFO - Dependencies all met for dep_context=non-requeueable deps ti=<TaskInstance: csv_to_postgres_dag.create_table scheduled__2024-01-01T00:00:00+00:00 [queued]>
[2024-09-28T11:53:29.838+0000] {taskinstance.py:2076} INFO - Dependencies all met for dep_context=requeueable deps ti=<TaskInstance: csv_to_postgres_dag.create_table scheduled__2024-01-01T00:00:00+00:00 [queued]>
[2024-09-28T11:53:29.838+0000] {taskinstance.py:2306} INFO - Starting attempt 1 of 1
[2024-09-28T11:53:29.859+0000] {taskinstance.py:2330} INFO - Executing <Task(PostgresOperator): create_table> on 2024-01-01 00:00:00+00:00
[2024-09-28T11:53:29.870+0000] {standard_task_runner.py:63} INFO - Started process 3341 to run task
[2024-09-28T11:53:29.873+0000] {standard_task_runner.py:90} INFO - Running: ['***', 'tasks', 'run', 'csv_to_postgres_dag', 'create_table', 'scheduled__2024-01-01T00:00:00+00:00', '--job-id', '13', '--raw', '--subdir', 'DAGS_FOLDER/job.py', '--cfg-path', '/tmp/tmp9dnbajdf']
[2024-09-28T11:53:29.876+0000] {standard_task_runner.py:91} INFO - Job 13: Subtask create_table
[2024-09-28T11:53:29.935+0000] {task_command.py:426} INFO - Running <TaskInstance: csv_to_postgres_dag.create_table scheduled__2024-01-01T00:00:00+00:00 [running]> on host c39a3d3a6c9a
[2024-09-28T11:53:30.050+0000] {taskinstance.py:2648} INFO - Exporting env vars: AIRFLOW_CTX_DAG_OWNER='***' AIRFLOW_CTX_DAG_ID='csv_to_postgres_dag' AIRFLOW_CTX_TASK_ID='create_table' AIRFLOW_CTX_EXECUTION_DATE='2024-01-01T00:00:00+00:00' AIRFLOW_CTX_TRY_NUMBER='1' AIRFLOW_CTX_DAG_RUN_ID='scheduled__2024-01-01T00:00:00+00:00'
[2024-09-28T11:53:30.052+0000] {taskinstance.py:430} INFO - ::endgroup::
[2024-09-28T11:53:30.070+0000] {sql.py:276} INFO - Executing: 
        DROP TABLE IF EXISTS sample_table;
        CREATE TABLE sample_table (
            id SERIAL PRIMARY KEY,
            name VARCHAR(50),
            age INT
        );
        
[2024-09-28T11:53:30.082+0000] {base.py:84} INFO - Using connection ID 'write_to_psql' for task execution.
[2024-09-28T11:53:30.096+0000] {base.py:84} INFO - Using connection ID 'write_to_psql' for task execution.
[2024-09-28T11:53:30.105+0000] {sql.py:470} INFO - Running statement: 
        DROP TABLE IF EXISTS sample_table;
        CREATE TABLE sample_table (
            id SERIAL PRIMARY KEY,
            name VARCHAR(50),
            age INT
        );
        , parameters: None
[2024-09-28T11:53:30.113+0000] {taskinstance.py:441} INFO - ::group::Post task execution logs
[2024-09-28T11:53:30.128+0000] {taskinstance.py:1206} INFO - Marking task as SUCCESS. dag_id=csv_to_postgres_dag, task_id=create_table, run_id=scheduled__2024-01-01T00:00:00+00:00, execution_date=20240101T000000, start_date=20240928T115329, end_date=20240928T115330
[2024-09-28T11:53:30.166+0000] {local_task_job_runner.py:240} INFO - Task exited with return code 0
[2024-09-28T11:53:30.185+0000] {logging_mixin.py:188} WARNING - /home/***/.local/lib/python3.9/site-packages/***/models/baseoperator.py:1296 AirflowProviderDeprecationWarning: Call to deprecated class PostgresOperator. (Please use `***.providers.common.sql.operators.sql.SQLExecuteQueryOperator`.Also, you can provide `hook_params={'schema': <database>}`.)
[2024-09-28T11:53:30.203+0000] {taskinstance.py:3498} INFO - 1 downstream tasks scheduled from follow-on schedule check
[2024-09-28T11:53:30.205+0000] {local_task_job_runner.py:222} INFO - ::endgroup::
[2024-09-28T11:55:22.380+0000] {local_task_job_runner.py:120} INFO - ::group::Pre task execution logs
[2024-09-28T11:55:22.410+0000] {taskinstance.py:2076} INFO - Dependencies all met for dep_context=non-requeueable deps ti=<TaskInstance: csv_to_postgres_dag.create_table scheduled__2024-01-01T00:00:00+00:00 [queued]>
[2024-09-28T11:55:22.420+0000] {taskinstance.py:2076} INFO - Dependencies all met for dep_context=requeueable deps ti=<TaskInstance: csv_to_postgres_dag.create_table scheduled__2024-01-01T00:00:00+00:00 [queued]>
[2024-09-28T11:55:22.421+0000] {taskinstance.py:2306} INFO - Starting attempt 1 of 1
[2024-09-28T11:55:22.439+0000] {taskinstance.py:2330} INFO - Executing <Task(PostgresOperator): create_table> on 2024-01-01 00:00:00+00:00
[2024-09-28T11:55:22.447+0000] {standard_task_runner.py:63} INFO - Started process 3416 to run task
[2024-09-28T11:55:22.451+0000] {standard_task_runner.py:90} INFO - Running: ['***', 'tasks', 'run', 'csv_to_postgres_dag', 'create_table', 'scheduled__2024-01-01T00:00:00+00:00', '--job-id', '20', '--raw', '--subdir', 'DAGS_FOLDER/job.py', '--cfg-path', '/tmp/tmpaqg57of5']
[2024-09-28T11:55:22.454+0000] {standard_task_runner.py:91} INFO - Job 20: Subtask create_table
[2024-09-28T11:55:22.515+0000] {task_command.py:426} INFO - Running <TaskInstance: csv_to_postgres_dag.create_table scheduled__2024-01-01T00:00:00+00:00 [running]> on host c39a3d3a6c9a
[2024-09-28T11:55:22.619+0000] {taskinstance.py:2648} INFO - Exporting env vars: AIRFLOW_CTX_DAG_OWNER='***' AIRFLOW_CTX_DAG_ID='csv_to_postgres_dag' AIRFLOW_CTX_TASK_ID='create_table' AIRFLOW_CTX_EXECUTION_DATE='2024-01-01T00:00:00+00:00' AIRFLOW_CTX_TRY_NUMBER='1' AIRFLOW_CTX_DAG_RUN_ID='scheduled__2024-01-01T00:00:00+00:00'
[2024-09-28T11:55:22.621+0000] {taskinstance.py:430} INFO - ::endgroup::
[2024-09-28T11:55:22.638+0000] {sql.py:276} INFO - Executing: 
        DROP TABLE IF EXISTS sample_table;
        CREATE TABLE sample_table (
            id SERIAL PRIMARY KEY,
            name VARCHAR(50),
            age INT
        );
        
[2024-09-28T11:55:22.650+0000] {base.py:84} INFO - Using connection ID 'write_to_psql' for task execution.
[2024-09-28T11:55:22.662+0000] {base.py:84} INFO - Using connection ID 'write_to_psql' for task execution.
[2024-09-28T11:55:22.668+0000] {sql.py:470} INFO - Running statement: 
        DROP TABLE IF EXISTS sample_table;
        CREATE TABLE sample_table (
            id SERIAL PRIMARY KEY,
            name VARCHAR(50),
            age INT
        );
        , parameters: None
[2024-09-28T11:55:22.676+0000] {taskinstance.py:441} INFO - ::group::Post task execution logs
[2024-09-28T11:55:22.688+0000] {taskinstance.py:1206} INFO - Marking task as SUCCESS. dag_id=csv_to_postgres_dag, task_id=create_table, run_id=scheduled__2024-01-01T00:00:00+00:00, execution_date=20240101T000000, start_date=20240928T115522, end_date=20240928T115522
[2024-09-28T11:55:22.744+0000] {local_task_job_runner.py:240} INFO - Task exited with return code 0
[2024-09-28T11:55:22.761+0000] {logging_mixin.py:188} WARNING - /home/***/.local/lib/python3.9/site-packages/***/models/baseoperator.py:1296 AirflowProviderDeprecationWarning: Call to deprecated class PostgresOperator. (Please use `***.providers.common.sql.operators.sql.SQLExecuteQueryOperator`.Also, you can provide `hook_params={'schema': <database>}`.)
[2024-09-28T11:55:22.783+0000] {taskinstance.py:3498} INFO - 1 downstream tasks scheduled from follow-on schedule check
[2024-09-28T11:55:22.786+0000] {local_task_job_runner.py:222} INFO - ::endgroup::
